1645163473740	geckodriver	INFO	Listening on 127.0.0.1:49557
1645163473747	mozrunner::runner	INFO	Running command: "/usr/bin/firefox" "--marionette" "--remote-debugging-port" "36361" "-no-remote" "-profile" "/tmp/rust_mozprofilesSqrqI"
1645163475186	Marionette	INFO	Marionette enabled
console.warn: SearchSettings: "get: No settings file exists, new profile?" (new NotFoundError("Could not open the file at /tmp/rust_mozprofilesSqrqI/search.json.mozlz4", (void 0)))
DevTools listening on ws://localhost:36361/devtools/browser/a713c60d-b98d-4479-90f8-d01445549b20
1645163477583	Marionette	INFO	Listening on port 46443
1645163477702	RemoteAgent	WARN	TLS certificate errors will be ignored for this session
1645163483107	Marionette	INFO	Stopped listening on port 46443
console.warn: TopSitesFeed: Failed to fetch data from Contile server: NetworkError when attempting to fetch resource.
1645163494119	geckodriver	INFO	Listening on 127.0.0.1:33271
1645163494126	mozrunner::runner	INFO	Running command: "/usr/bin/firefox" "--marionette" "--remote-debugging-port" "40287" "-no-remote" "-profile" "/tmp/rust_mozprofilehWZ6LD"
1645163495484	Marionette	INFO	Marionette enabled
console.warn: SearchSettings: "get: No settings file exists, new profile?" (new NotFoundError("Could not open the file at /tmp/rust_mozprofilehWZ6LD/search.json.mozlz4", (void 0)))
DevTools listening on ws://localhost:40287/devtools/browser/ee62af8d-dd20-4009-810c-a7c33795b063
1645163497611	Marionette	INFO	Listening on port 33521
1645163497685	RemoteAgent	WARN	TLS certificate errors will be ignored for this session
1645163501569	Marionette	INFO	Stopped listening on port 33521
1645163540647	geckodriver	INFO	Listening on 127.0.0.1:39133
1645163540655	mozrunner::runner	INFO	Running command: "/usr/bin/firefox" "--marionette" "--remote-debugging-port" "33415" "-no-remote" "-profile" "/tmp/rust_mozprofileeQk4ty"
1645163541989	Marionette	INFO	Marionette enabled
console.warn: SearchSettings: "get: No settings file exists, new profile?" (new NotFoundError("Could not open the file at /tmp/rust_mozprofileeQk4ty/search.json.mozlz4", (void 0)))
DevTools listening on ws://localhost:33415/devtools/browser/810fc284-8260-4cdf-9955-31226cb4616a
1645163544059	Marionette	INFO	Listening on port 32837
1645163544109	RemoteAgent	WARN	TLS certificate errors will be ignored for this session
Exiting due to channel error.
Exiting due to channel error.
Exiting due to channel error.
1645163588542	geckodriver	INFO	Listening on 127.0.0.1:45951
1645163588550	mozrunner::runner	INFO	Running command: "/usr/bin/firefox" "--marionette" "--remote-debugging-port" "44975" "-no-remote" "-profile" "/tmp/rust_mozprofile9B3cBL"
1645163589883	Marionette	INFO	Marionette enabled
console.warn: SearchSettings: "get: No settings file exists, new profile?" (new NotFoundError("Could not open the file at /tmp/rust_mozprofile9B3cBL/search.json.mozlz4", (void 0)))
DevTools listening on ws://localhost:44975/devtools/browser/4e559f7c-cb2c-4778-8457-c5ec375da241
1645163591999	Marionette	INFO	Listening on port 45051
1645163592089	RemoteAgent	WARN	TLS certificate errors will be ignored for this session
1645163599072	Marionette	INFO	Stopped listening on port 45051
1645163615644	geckodriver	INFO	Listening on 127.0.0.1:60187
1645163615652	mozrunner::runner	INFO	Running command: "/usr/bin/firefox" "--marionette" "--remote-debugging-port" "49329" "-no-remote" "-profile" "/tmp/rust_mozprofileKz3SV8"
1645163617013	Marionette	INFO	Marionette enabled
console.warn: SearchSettings: "get: No settings file exists, new profile?" (new NotFoundError("Could not open the file at /tmp/rust_mozprofileKz3SV8/search.json.mozlz4", (void 0)))
DevTools listening on ws://localhost:49329/devtools/browser/1f5dde49-b079-491f-91aa-0e82a167a1d2
1645163619075	Marionette	INFO	Listening on port 44911
1645163619186	RemoteAgent	WARN	TLS certificate errors will be ignored for this session
1645163645988	Marionette	INFO	Stopped listening on port 44911
1645163759297	geckodriver	INFO	Listening on 127.0.0.1:34859
1645163759305	mozrunner::runner	INFO	Running command: "/usr/bin/firefox" "--marionette" "--headless" "--remote-debugging-port" "48447" "-no-remote" "-profile" "/tmp/rust_mozprofile1Qas4L"
*** You are running in headless mode.
1645163759896	Marionette	INFO	Marionette enabled
[GFX1-]: RenderCompositorSWGL failed mapping default framebuffer, no dt
console.warn: SearchSettings: "get: No settings file exists, new profile?" (new NotFoundError("Could not open the file at /tmp/rust_mozprofile1Qas4L/search.json.mozlz4", (void 0)))
DevTools listening on ws://localhost:48447/devtools/browser/ae8652a3-d1ec-44f7-8d43-6d9b68e142e0
1645163761857	Marionette	INFO	Listening on port 39949
1645163761946	RemoteAgent	WARN	TLS certificate errors will be ignored for this session
Exiting due to channel error.
Exiting due to channel error.
Exiting due to channel error.
1645163805960	geckodriver	INFO	Listening on 127.0.0.1:58135
1645163805967	mozrunner::runner	INFO	Running command: "/usr/bin/firefox" "--marionette" "--headless" "--remote-debugging-port" "52937" "-no-remote" "-profile" "/tmp/rust_mozprofileNdXvt8"
*** You are running in headless mode.
1645163806598	Marionette	INFO	Marionette enabled
[GFX1-]: RenderCompositorSWGL failed mapping default framebuffer, no dt
console.warn: SearchSettings: "get: No settings file exists, new profile?" (new NotFoundError("Could not open the file at /tmp/rust_mozprofileNdXvt8/search.json.mozlz4", (void 0)))
DevTools listening on ws://localhost:52937/devtools/browser/ec971501-eb16-4c79-8259-124b5a6ce312
1645163808451	Marionette	INFO	Listening on port 37705
1645163808515	RemoteAgent	WARN	TLS certificate errors will be ignored for this session
Exiting due to channel error.
Exiting due to channel error.
Exiting due to channel error.
1645163898015	geckodriver	INFO	Listening on 127.0.0.1:33575
1645163898023	mozrunner::runner	INFO	Running command: "/usr/bin/firefox" "--marionette" "--headless" "--remote-debugging-port" "49071" "-no-remote" "-profile" "/tmp/rust_mozprofile5ti7Vg"
*** You are running in headless mode.
1645163898587	Marionette	INFO	Marionette enabled
[GFX1-]: RenderCompositorSWGL failed mapping default framebuffer, no dt
console.warn: SearchSettings: "get: No settings file exists, new profile?" (new NotFoundError("Could not open the file at /tmp/rust_mozprofile5ti7Vg/search.json.mozlz4", (void 0)))
DevTools listening on ws://localhost:49071/devtools/browser/bd7c0776-4e11-4c97-bc0b-b0cb55296faa
1645163900681	Marionette	INFO	Listening on port 45859
1645163900752	RemoteAgent	WARN	TLS certificate errors will be ignored for this session
1645163913004	Marionette	INFO	Stopped listening on port 45859
JavaScript error: resource://gre/modules/UrlClassifierListManager.jsm, line 691: TypeError: this.tablesData[table] is undefined

###!!! [Parent][PContentParent] Error: Send(msgname=PContent::Reply_DiscardBrowsingContext) Closed channel: cannot send/recv


###!!! [Parent][PContentParent] Error: Send(msgname=PContent::Reply_DiscardBrowsingContext) Closed channel: cannot send/recv


###!!! [Parent][PContentParent] Error: Send(msgname=PContent::Msg_DestroyBrowsingContextGroup) Closed channel: cannot send/recv


###!!! [Child][PContentChild] Error: RunMessage(msgname=PContent::Reply_DiscardBrowsingContext) Channel closing: too late to send/recv, messages will be lost


###!!! [Child][PContentChild] Error: RunMessage(msgname=PHttpChannel::Msg_DeleteSelf) Channel closing: too late to send/recv, messages will be lost


###!!! [Parent][PImageBridgeParent] Error: RunMessage(msgname=PImageBridge::Msg_WillClose) Channel closing: too late to send/recv, messages will be lost

1645163938302	geckodriver	INFO	Listening on 127.0.0.1:53645
1645163938310	mozrunner::runner	INFO	Running command: "/usr/bin/firefox" "--marionette" "--headless" "--remote-debugging-port" "46525" "-no-remote" "-profile" "/tmp/rust_mozprofileB2I301"
*** You are running in headless mode.
1645163938839	Marionette	INFO	Marionette enabled
[GFX1-]: RenderCompositorSWGL failed mapping default framebuffer, no dt
console.warn: SearchSettings: "get: No settings file exists, new profile?" (new NotFoundError("Could not open the file at /tmp/rust_mozprofileB2I301/search.json.mozlz4", (void 0)))
DevTools listening on ws://localhost:46525/devtools/browser/4671f1c8-04d4-4b92-a61c-f1cb775a9e30
1645163940834	Marionette	INFO	Listening on port 34627
1645163940950	RemoteAgent	WARN	TLS certificate errors will be ignored for this session
Exiting due to channel error.
Exiting due to channel error.
Exiting due to channel error.
1645163975278	geckodriver	INFO	Listening on 127.0.0.1:32775
1645163975286	mozrunner::runner	INFO	Running command: "/usr/bin/firefox" "--marionette" "--remote-debugging-port" "60045" "-no-remote" "-profile" "/tmp/rust_mozprofileMHJykL"
1645163976571	Marionette	INFO	Marionette enabled
console.warn: SearchSettings: "get: No settings file exists, new profile?" (new NotFoundError("Could not open the file at /tmp/rust_mozprofileMHJykL/search.json.mozlz4", (void 0)))
DevTools listening on ws://localhost:60045/devtools/browser/425391f1-1755-4138-8b88-ee76120c5e43
1645163978605	Marionette	INFO	Listening on port 40329
1645163978633	RemoteAgent	WARN	TLS certificate errors will be ignored for this session
1645163983842	Marionette	INFO	Stopped listening on port 40329

###!!! [Parent][PImageBridgeParent] Error: RunMessage(msgname=PImageBridge::Msg_WillClose) Channel closing: too late to send/recv, messages will be lost

1645164507135	geckodriver	INFO	Listening on 127.0.0.1:46349
1645164507142	mozrunner::runner	INFO	Running command: "/usr/bin/firefox" "--marionette" "--remote-debugging-port" "50587" "-no-remote" "-profile" "/tmp/rust_mozprofileilpIWi"
1645164508548	Marionette	INFO	Marionette enabled
console.warn: SearchSettings: "get: No settings file exists, new profile?" (new NotFoundError("Could not open the file at /tmp/rust_mozprofileilpIWi/search.json.mozlz4", (void 0)))
DevTools listening on ws://localhost:50587/devtools/browser/8eb19943-024e-40e1-8c39-ff82868f7399
1645164510592	Marionette	INFO	Listening on port 45033
1645164510680	RemoteAgent	WARN	TLS certificate errors will be ignored for this session
1645164516029	Marionette	INFO	Stopped listening on port 45033
1645164826600	geckodriver	INFO	Listening on 127.0.0.1:47649
1645164826606	mozrunner::runner	INFO	Running command: "/usr/bin/firefox" "--marionette" "--remote-debugging-port" "40231" "-no-remote" "-profile" "/tmp/rust_mozprofilej6fwX1"
1645164828038	Marionette	INFO	Marionette enabled
console.warn: SearchSettings: "get: No settings file exists, new profile?" (new NotFoundError("Could not open the file at /tmp/rust_mozprofilej6fwX1/search.json.mozlz4", (void 0)))
DevTools listening on ws://localhost:40231/devtools/browser/a7acd5a0-cc91-433d-9c45-2b7456932815
1645164830392	Marionette	INFO	Listening on port 45319
1645164830451	RemoteAgent	WARN	TLS certificate errors will be ignored for this session
1645164835895	Marionette	INFO	Stopped listening on port 45319
1645164837522	geckodriver	INFO	Listening on 127.0.0.1:48029
1645164838047	mozrunner::runner	INFO	Running command: "/usr/bin/firefox" "--marionette" "--remote-debugging-port" "58205" "-no-remote" "-profile" "/tmp/rust_mozprofileXIt1V3"
1645164839449	Marionette	INFO	Marionette enabled
console.warn: SearchSettings: "get: No settings file exists, new profile?" (new NotFoundError("Could not open the file at /tmp/rust_mozprofileXIt1V3/search.json.mozlz4", (void 0)))
DevTools listening on ws://localhost:58205/devtools/browser/db6f6245-2765-4459-a11b-6b139a28c5c6
1645164841753	Marionette	INFO	Listening on port 36377
1645164841798	RemoteAgent	WARN	TLS certificate errors will be ignored for this session
1645164846505	Marionette	INFO	Stopped listening on port 36377
1645164848221	geckodriver	INFO	Listening on 127.0.0.1:48063
1645164848743	mozrunner::runner	INFO	Running command: "/usr/bin/firefox" "--marionette" "--remote-debugging-port" "48611" "-no-remote" "-profile" "/tmp/rust_mozprofileYsermF"
1645164850173	Marionette	INFO	Marionette enabled
console.warn: SearchSettings: "get: No settings file exists, new profile?" (new NotFoundError("Could not open the file at /tmp/rust_mozprofileYsermF/search.json.mozlz4", (void 0)))
DevTools listening on ws://localhost:48611/devtools/browser/28102a8d-c7b3-41c9-9975-4b50cf41acd6
1645164852174	Marionette	INFO	Listening on port 36407
1645164852276	RemoteAgent	WARN	TLS certificate errors will be ignored for this session
1645164856844	Marionette	INFO	Stopped listening on port 36407
1645164858756	geckodriver	INFO	Listening on 127.0.0.1:57035
1645164859273	mozrunner::runner	INFO	Running command: "/usr/bin/firefox" "--marionette" "--remote-debugging-port" "42857" "-no-remote" "-profile" "/tmp/rust_mozprofileZbwazf"
1645164860627	Marionette	INFO	Marionette enabled
console.warn: SearchSettings: "get: No settings file exists, new profile?" (new NotFoundError("Could not open the file at /tmp/rust_mozprofileZbwazf/search.json.mozlz4", (void 0)))
DevTools listening on ws://localhost:42857/devtools/browser/1e7e3c71-4624-4651-bec6-381aa2a6f3ca
1645164862580	Marionette	INFO	Listening on port 46417
1645164862644	RemoteAgent	WARN	TLS certificate errors will be ignored for this session
1645164888102	Marionette	INFO	Stopped listening on port 46417

###!!! [Parent][PImageBridgeParent] Error: RunMessage(msgname=PImageBridge::Msg_WillClose) Channel closing: too late to send/recv, messages will be lost

1645164889192	geckodriver	INFO	Listening on 127.0.0.1:56399
1645164889201	mozrunner::runner	INFO	Running command: "/usr/bin/firefox" "--marionette" "--remote-debugging-port" "50279" "-no-remote" "-profile" "/tmp/rust_mozprofileTu5FeM"
1645164890610	Marionette	INFO	Marionette enabled
console.warn: SearchSettings: "get: No settings file exists, new profile?" (new NotFoundError("Could not open the file at /tmp/rust_mozprofileTu5FeM/search.json.mozlz4", (void 0)))
DevTools listening on ws://localhost:50279/devtools/browser/063e6642-beb3-4170-9f1d-c00e17a2675b
1645164892848	Marionette	INFO	Listening on port 41225
1645164892971	RemoteAgent	WARN	TLS certificate errors will be ignored for this session
1645165020107	Marionette	INFO	Stopped listening on port 41225
1645165021054	geckodriver	INFO	Listening on 127.0.0.1:47587
1645165021572	mozrunner::runner	INFO	Running command: "/usr/bin/firefox" "--marionette" "--remote-debugging-port" "45599" "-no-remote" "-profile" "/tmp/rust_mozprofileR7cgCS"
1645165022999	Marionette	INFO	Marionette enabled
console.warn: SearchSettings: "get: No settings file exists, new profile?" (new NotFoundError("Could not open the file at /tmp/rust_mozprofileR7cgCS/search.json.mozlz4", (void 0)))
DevTools listening on ws://localhost:45599/devtools/browser/b740959e-7c2f-4947-a741-890ca32632b5
1645165025213	Marionette	INFO	Listening on port 39989
1645165025375	RemoteAgent	WARN	TLS certificate errors will be ignored for this session
1645165091833	Marionette	INFO	Stopped listening on port 39989

###!!! [Parent][PContentParent] Error: Send(msgname=PContent::Reply_DiscardBrowsingContext) Closed channel: cannot send/recv


###!!! [Parent][PContentParent] Error: Send(msgname=PContent::Reply_DiscardBrowsingContext) Closed channel: cannot send/recv


###!!! [Parent][PContentParent] Error: Send(msgname=PContent::Reply_DiscardBrowsingContext) Closed channel: cannot send/recv


###!!! [Parent][PContentParent] Error: Send(msgname=PContent::Msg_DestroyBrowsingContextGroup) Closed channel: cannot send/recv


###!!! [Child][PContentChild] Error: Send(msgname=PNecko::Msg_PredLearn) Channel closing: too late to send/recv, messages will be lost


###!!! [Child][PContentChild] Error: Send(msgname=PNecko::Msg_PredLearn) Channel closing: too late to send/recv, messages will be lost


###!!! [Child][PContentChild] Error: RunMessage(msgname=PHttpChannel::Msg_FailedAsyncOpen) Channel closing: too late to send/recv, messages will be lost


###!!! [Child][PContentChild] Error: RunMessage(msgname=PHttpChannel::Msg_FailedAsyncOpen) Channel closing: too late to send/recv, messages will be lost

IPDL protocol error: Handler returned error code!

###!!! [Parent][DispatchAsyncMessage] Error: PMessagePort::Msg_PostMessages Processing error: message was deserialized, but the handler returned false (indicating failure)

IPDL protocol error: Handler returned error code!

###!!! [Parent][DispatchAsyncMessage] Error: PMessagePort::Msg_PostMessages Processing error: message was deserialized, but the handler returned false (indicating failure)

IPDL protocol error: Handler returned error code!

###!!! [Parent][DispatchAsyncMessage] Error: PMessagePort::Msg_PostMessages Processing error: message was deserialized, but the handler returned false (indicating failure)

IPDL protocol error: Handler returned error code!

###!!! [Parent][DispatchAsyncMessage] Error: PMessagePort::Msg_PostMessages Processing error: message was deserialized, but the handler returned false (indicating failure)

IPDL protocol error: Handler returned error code!

###!!! [Parent][DispatchAsyncMessage] Error: PMessagePort::Msg_PostMessages Processing error: message was deserialized, but the handler returned false (indicating failure)

IPDL protocol error: Handler returned error code!

###!!! [Parent][DispatchAsyncMessage] Error: PMessagePort::Msg_PostMessages Processing error: message was deserialized, but the handler returned false (indicating failure)

IPDL protocol error: Handler returned error code!

###!!! [Parent][DispatchAsyncMessage] Error: PMessagePort::Msg_PostMessages Processing error: message was deserialized, but the handler returned false (indicating failure)

IPDL protocol error: Handler returned error code!

###!!! [Parent][DispatchAsyncMessage] Error: PMessagePort::Msg_PostMessages Processing error: message was deserialized, but the handler returned false (indicating failure)

IPDL protocol error: Handler returned error code!

###!!! [Parent][DispatchAsyncMessage] Error: PMessagePort::Msg_PostMessages Processing error: message was deserialized, but the handler returned false (indicating failure)

IPDL protocol error: Handler returned error code!

###!!! [Parent][DispatchAsyncMessage] Error: PMessagePort::Msg_PostMessages Processing error: message was deserialized, but the handler returned false (indicating failure)

IPDL protocol error: Handler returned error code!

###!!! [Parent][DispatchAsyncMessage] Error: PMessagePort::Msg_PostMessages Processing error: message was deserialized, but the handler returned false (indicating failure)

IPDL protocol error: Handler returned error code!

###!!! [Parent][DispatchAsyncMessage] Error: PMessagePort::Msg_PostMessages Processing error: message was deserialized, but the handler returned false (indicating failure)

IPDL protocol error: Handler returned error code!

###!!! [Parent][DispatchAsyncMessage] Error: PMessagePort::Msg_PostMessages Processing error: message was deserialized, but the handler returned false (indicating failure)

IPDL protocol error: Handler returned error code!

###!!! [Parent][DispatchAsyncMessage] Error: PMessagePort::Msg_PostMessages Processing error: message was deserialized, but the handler returned false (indicating failure)

IPDL protocol error: Handler returned error code!

###!!! [Parent][DispatchAsyncMessage] Error: PMessagePort::Msg_PostMessages Processing error: message was deserialized, but the handler returned false (indicating failure)

IPDL protocol error: Handler returned error code!

###!!! [Parent][DispatchAsyncMessage] Error: PMessagePort::Msg_PostMessages Processing error: message was deserialized, but the handler returned false (indicating failure)

IPDL protocol error: Handler returned error code!

###!!! [Parent][DispatchAsyncMessage] Error: PMessagePort::Msg_PostMessages Processing error: message was deserialized, but the handler returned false (indicating failure)

IPDL protocol error: Handler returned error code!

###!!! [Parent][DispatchAsyncMessage] Error: PMessagePort::Msg_PostMessages Processing error: message was deserialized, but the handler returned false (indicating failure)

IPDL protocol error: Handler returned error code!

###!!! [Parent][DispatchAsyncMessage] Error: PMessagePort::Msg_PostMessages Processing error: message was deserialized, but the handler returned false (indicating failure)

IPDL protocol error: Handler returned error code!

###!!! [Parent][DispatchAsyncMessage] Error: PMessagePort::Msg_PostMessages Processing error: message was deserialized, but the handler returned false (indicating failure)

IPDL protocol error: Handler returned error code!

###!!! [Parent][DispatchAsyncMessage] Error: PMessagePort::Msg_PostMessages Processing error: message was deserialized, but the handler returned false (indicating failure)


###!!! [Child][PContentChild] Error: Send(msgname=PContent::Msg_ScriptError) Channel closing: too late to send/recv, messages will be lost


###!!! [Child][PContentChild] Error: RunMessage(msgname=PHttpChannel::Msg_FailedAsyncOpen) Channel closing: too late to send/recv, messages will be lost


###!!! [Child][PContentChild] Error: Send(msgname=PContent::Msg_ScriptError) Channel closing: too late to send/recv, messages will be lost

IPDL protocol error: Handler returned error code!

###!!! [Parent][DispatchAsyncMessage] Error: PMessagePort::Msg_PostMessages Processing error: message was deserialized, but the handler returned false (indicating failure)


###!!! [Child][PContentChild] Error: RunMessage(msgname=PHttpChannel::Msg_FailedAsyncOpen) Channel closing: too late to send/recv, messages will be lost


###!!! [Child][PContentChild] Error: RunMessage(msgname=PContent::Msg_CommitBrowsingContextTransaction) Channel closing: too late to send/recv, messages will be lost


###!!! [Child][PContentChild] Error: RunMessage(msgname=PHttpChannel::Msg_FailedAsyncOpen) Channel closing: too late to send/recv, messages will be lost


###!!! [Child][PContentChild] Error: RunMessage(msgname=<unknown IPC msg name>) Channel closing: too late to send/recv, messages will be lost


###!!! [Child][PContentChild] Error: RunMessage(msgname=PContent::Msg_CommitBrowsingContextTransaction) Channel closing: too late to send/recv, messages will be lost


###!!! [Child][PContentChild] Error: RunMessage(msgname=PWindowGlobal::Msg_SetContainerFeaturePolicy) Channel closing: too late to send/recv, messages will be lost


###!!! [Child][PContentChild] Error: RunMessage(msgname=PContent::Msg_DiscardBrowsingContext) Channel closing: too late to send/recv, messages will be lost


###!!! [Child][PContentChild] Error: RunMessage(msgname=PContent::Msg_DiscardBrowsingContext) Channel closing: too late to send/recv, messages will be lost


###!!! [Child][PContentChild] Error: RunMessage(msgname=PContent::Msg_DiscardBrowsingContext) Channel closing: too late to send/recv, messages will be lost


###!!! [Child][PContentChild] Error: RunMessage(msgname=PHttpChannel::Msg_FailedAsyncOpen) Channel closing: too late to send/recv, messages will be lost


###!!! [Child][PContentChild] Error: RunMessage(msgname=PContent::Reply_DiscardBrowsingContext) Channel closing: too late to send/recv, messages will be lost


###!!! [Child][PContentChild] Error: RunMessage(msgname=PHttpChannel::Msg_DeleteSelf) Channel closing: too late to send/recv, messages will be lost


###!!! [Child][PContentChild] Error: RunMessage(msgname=PHttpChannel::Msg_DeleteSelf) Channel closing: too late to send/recv, messages will be lost


###!!! [Child][PContentChild] Error: RunMessage(msgname=PHttpChannel::Msg_DeleteSelf) Channel closing: too late to send/recv, messages will be lost

1645165096066	geckodriver	INFO	Listening on 127.0.0.1:55457
1645165096583	mozrunner::runner	INFO	Running command: "/usr/bin/firefox" "--marionette" "--remote-debugging-port" "54139" "-no-remote" "-profile" "/tmp/rust_mozprofilep9KmnJ"
1645165097968	Marionette	INFO	Marionette enabled
console.warn: SearchSettings: "get: No settings file exists, new profile?" (new NotFoundError("Could not open the file at /tmp/rust_mozprofilep9KmnJ/search.json.mozlz4", (void 0)))
DevTools listening on ws://localhost:54139/devtools/browser/b0a27c97-c852-4416-a739-45af597017c1
1645165100137	Marionette	INFO	Listening on port 34123
1645165100235	RemoteAgent	WARN	TLS certificate errors will be ignored for this session
1645165109345	Marionette	INFO	Stopped listening on port 34123
JavaScript error: chrome://remote/content/marionette/cert.js, line 55: NS_ERROR_NOT_AVAILABLE: Component returned failure code: 0x80040111 (NS_ERROR_NOT_AVAILABLE) [nsICertOverrideService.setDisableAllSecurityChecksAndLetAttackersInterceptMyData]
1645165109398	geckodriver::marionette	ERROR	Failed to close browser connection: Transport endpoint is not connected (os error 107)
IPDL protocol error: Handler returned error code!

###!!! [Parent][DispatchAsyncMessage] Error: PBackground::Msg_MessagePortForceClose Processing error: message was deserialized, but the handler returned false (indicating failure)

IPDL protocol error: Handler returned error code!

###!!! [Parent][DispatchAsyncMessage] Error: PBackground::Msg_MessagePortForceClose Processing error: message was deserialized, but the handler returned false (indicating failure)

IPDL protocol error: Handler returned error code!

###!!! [Parent][DispatchAsyncMessage] Error: PBackground::Msg_MessagePortForceClose Processing error: message was deserialized, but the handler returned false (indicating failure)

IPDL protocol error: Handler returned error code!

###!!! [Parent][DispatchAsyncMessage] Error: PBackground::Msg_MessagePortForceClose Processing error: message was deserialized, but the handler returned false (indicating failure)

IPDL protocol error: Handler returned error code!

###!!! [Parent][DispatchAsyncMessage] Error: PBackground::Msg_MessagePortForceClose Processing error: message was deserialized, but the handler returned false (indicating failure)

IPDL protocol error: Handler returned error code!

###!!! [Parent][DispatchAsyncMessage] Error: PBackground::Msg_MessagePortForceClose Processing error: message was deserialized, but the handler returned false (indicating failure)

IPDL protocol error: Handler returned error code!

###!!! [Parent][DispatchAsyncMessage] Error: PBackground::Msg_MessagePortForceClose Processing error: message was deserialized, but the handler returned false (indicating failure)

IPDL protocol error: Handler returned error code!

###!!! [Parent][DispatchAsyncMessage] Error: PBackground::Msg_MessagePortForceClose Processing error: message was deserialized, but the handler returned false (indicating failure)

IPDL protocol error: Handler returned error code!

###!!! [Parent][DispatchAsyncMessage] Error: PBackground::Msg_MessagePortForceClose Processing error: message was deserialized, but the handler returned false (indicating failure)

IPDL protocol error: Handler returned error code!

###!!! [Parent][DispatchAsyncMessage] Error: PBackground::Msg_MessagePortForceClose Processing error: message was deserialized, but the handler returned false (indicating failure)

IPDL protocol error: Handler returned error code!

###!!! [Parent][DispatchAsyncMessage] Error: PBackground::Msg_MessagePortForceClose Processing error: message was deserialized, but the handler returned false (indicating failure)

IPDL protocol error: Handler returned error code!

###!!! [Parent][DispatchAsyncMessage] Error: PBackground::Msg_MessagePortForceClose Processing error: message was deserialized, but the handler returned false (indicating failure)

IPDL protocol error: Handler returned error code!

###!!! [Parent][DispatchAsyncMessage] Error: PBackground::Msg_MessagePortForceClose Processing error: message was deserialized, but the handler returned false (indicating failure)

IPDL protocol error: Handler returned error code!

###!!! [Parent][DispatchAsyncMessage] Error: PBackground::Msg_MessagePortForceClose Processing error: message was deserialized, but the handler returned false (indicating failure)

IPDL protocol error: Handler returned error code!

###!!! [Parent][DispatchAsyncMessage] Error: PBackground::Msg_MessagePortForceClose Processing error: message was deserialized, but the handler returned false (indicating failure)

IPDL protocol error: Handler returned error code!

###!!! [Parent][DispatchAsyncMessage] Error: PBackground::Msg_MessagePortForceClose Processing error: message was deserialized, but the handler returned false (indicating failure)

IPDL protocol error: Handler returned error code!

###!!! [Parent][DispatchAsyncMessage] Error: PBackground::Msg_MessagePortForceClose Processing error: message was deserialized, but the handler returned false (indicating failure)

IPDL protocol error: Handler returned error code!

###!!! [Parent][DispatchAsyncMessage] Error: PBackground::Msg_MessagePortForceClose Processing error: message was deserialized, but the handler returned false (indicating failure)

IPDL protocol error: Handler returned error code!

###!!! [Parent][DispatchAsyncMessage] Error: PBackground::Msg_MessagePortForceClose Processing error: message was deserialized, but the handler returned false (indicating failure)

JavaScript error: chrome://remote/content/marionette/driver.js, line 2134: NS_ERROR_ILLEGAL_VALUE: Component returned failure code: 0x80070057 (NS_ERROR_ILLEGAL_VALUE) [nsIObserverService.removeObserver]

###!!! [Child][PContentChild] Error: RunMessage(msgname=PHttpChannel::Msg_DeleteSelf) Channel closing: too late to send/recv, messages will be lost


###!!! [Child][PContentChild] Error: RunMessage(msgname=PContent::Reply_DiscardBrowsingContext) Channel closing: too late to send/recv, messages will be lost


###!!! [Child][PContentChild] Error: RunMessage(msgname=PContent::Reply_DiscardBrowsingContext) Channel closing: too late to send/recv, messages will be lost


###!!! [Child][PContentChild] Error: RunMessage(msgname=PHttpChannel::Msg_DeleteSelf) Channel closing: too late to send/recv, messages will be lost


###!!! [Parent][PContentParent] Error: Send(msgname=PContent::Msg_DestroyBrowsingContextGroup) Closed channel: cannot send/recv

JavaScript error: resource://gre/modules/Sqlite.jsm, line 1105: Error: Sqlite.jsm has been shutdown. Cannot open connection to: /tmp/rust_mozprofilep9KmnJ/protections.sqlite
1645165367161	geckodriver	INFO	Listening on 127.0.0.1:54939
1645165367167	mozrunner::runner	INFO	Running command: "/usr/bin/firefox" "--marionette" "--remote-debugging-port" "56729" "-no-remote" "-profile" "/tmp/rust_mozprofilecZqAqP"
1645165368533	Marionette	INFO	Marionette enabled
console.warn: SearchSettings: "get: No settings file exists, new profile?" (new NotFoundError("Could not open the file at /tmp/rust_mozprofilecZqAqP/search.json.mozlz4", (void 0)))
DevTools listening on ws://localhost:56729/devtools/browser/1b9bd575-73d9-4a70-8ac3-d391f32383ba
1645165370695	Marionette	INFO	Listening on port 41585
1645165371774	RemoteAgent	WARN	TLS certificate errors will be ignored for this session
1645165381814	Marionette	INFO	Stopped listening on port 41585
1645165383020	geckodriver	INFO	Listening on 127.0.0.1:60687
1645165383546	mozrunner::runner	INFO	Running command: "/usr/bin/firefox" "--marionette" "--remote-debugging-port" "59977" "-no-remote" "-profile" "/tmp/rust_mozprofileRvNXUR"
1645165384880	Marionette	INFO	Marionette enabled
console.warn: SearchSettings: "get: No settings file exists, new profile?" (new NotFoundError("Could not open the file at /tmp/rust_mozprofileRvNXUR/search.json.mozlz4", (void 0)))
DevTools listening on ws://localhost:59977/devtools/browser/ccfe2c67-8e25-4b66-81b9-53455de6737d
1645165387033	Marionette	INFO	Listening on port 45007
1645165387086	RemoteAgent	WARN	TLS certificate errors will be ignored for this session
1645165397388	Marionette	INFO	Stopped listening on port 45007
JavaScript error: chrome://remote/content/marionette/cert.js, line 55: NS_ERROR_NOT_AVAILABLE: Component returned failure code: 0x80040111 (NS_ERROR_NOT_AVAILABLE) [nsICertOverrideService.setDisableAllSecurityChecksAndLetAttackersInterceptMyData]
console.warn: TopSitesFeed: Failed to fetch data from Contile server: NetworkError when attempting to fetch resource.

###!!! [Child][PContentChild] Error: RunMessage(msgname=PHttpChannel::Msg_DeleteSelf) Channel closing: too late to send/recv, messages will be lost


###!!! [Child][PContentChild] Error: RunMessage(msgname=PHttpChannel::Msg_DeleteSelf) Channel closing: too late to send/recv, messages will be lost


###!!! [Child][PContentChild] Error: RunMessage(msgname=PHttpChannel::Msg_DeleteSelf) Channel closing: too late to send/recv, messages will be lost


###!!! [Child][PContentChild] Error: RunMessage(msgname=PHttpChannel::Msg_DeleteSelf) Channel closing: too late to send/recv, messages will be lost


###!!! [Child][PContentChild] Error: RunMessage(msgname=PHttpChannel::Msg_DeleteSelf) Channel closing: too late to send/recv, messages will be lost

1645165397494	geckodriver	INFO	Listening on 127.0.0.1:53283
1645165397510	mozrunner::runner	INFO	Running command: "/usr/bin/firefox" "--marionette" "--remote-debugging-port" "41177" "-no-remote" "-profile" "/tmp/rust_mozprofiler9ewQs"
1645165399070	Marionette	INFO	Marionette enabled
console.warn: SearchSettings: "get: No settings file exists, new profile?" (new NotFoundError("Could not open the file at /tmp/rust_mozprofiler9ewQs/search.json.mozlz4", (void 0)))
DevTools listening on ws://localhost:41177/devtools/browser/bee1b4d1-6f6e-4560-aefa-ad23f42fcffd
1645165401215	Marionette	INFO	Listening on port 42729
1645165401257	RemoteAgent	WARN	TLS certificate errors will be ignored for this session
Exiting due to channel error.
Exiting due to channel error.
Exiting due to channel error.
1646495461029	geckodriver	INFO	Listening on 127.0.0.1:39285
1646495461487	mozrunner::runner	INFO	Running command: "/usr/bin/firefox" "--marionette" "--remote-debugging-port" "39027" "-no-remote" "-profile" "/tmp/rust_mozprofilebd8if2"
1646495468186	Marionette	INFO	Marionette enabled
console.warn: SearchSettings: "get: No settings file exists, new profile?" (new NotFoundError("Could not open the file at /tmp/rust_mozprofilebd8if2/search.json.mozlz4", (void 0)))
DevTools listening on ws://localhost:39027/devtools/browser/e77728dd-2975-40ca-aa2e-c84912487429
1646495473853	Marionette	INFO	Listening on port 39205
1646495473961	RemoteAgent	WARN	TLS certificate errors will be ignored for this session
1646495509301	Marionette	INFO	Stopped listening on port 39205
JavaScript error: chrome://remote/content/marionette/cert.js, line 55: NS_ERROR_NOT_AVAILABLE: Component returned failure code: 0x80040111 (NS_ERROR_NOT_AVAILABLE) [nsICertOverrideService.setDisableAllSecurityChecksAndLetAttackersInterceptMyData]
console.warn: TopSitesFeed: Failed to fetch data from Contile server: NetworkError when attempting to fetch resource.
